mode: atomic
github.com/Yuruh/encrypted-diary/src/entry.go:14.39,18.2 3 1
github.com/Yuruh/encrypted-diary/src/entry.go:20.44,22.16 2 1
github.com/Yuruh/encrypted-diary/src/entry.go:25.2,28.29 3 1
github.com/Yuruh/encrypted-diary/src/entry.go:32.2,37.16 4 1
github.com/Yuruh/encrypted-diary/src/entry.go:40.2,44.16 3 1
github.com/Yuruh/encrypted-diary/src/entry.go:47.2,47.76 1 1
github.com/Yuruh/encrypted-diary/src/entry.go:22.16,24.3 1 0
github.com/Yuruh/encrypted-diary/src/entry.go:28.29,30.3 1 0
github.com/Yuruh/encrypted-diary/src/entry.go:37.16,39.3 1 0
github.com/Yuruh/encrypted-diary/src/entry.go:44.16,46.3 1 0
github.com/Yuruh/encrypted-diary/src/entry.go:50.43,56.16 4 3
github.com/Yuruh/encrypted-diary/src/entry.go:61.2,68.16 4 2
github.com/Yuruh/encrypted-diary/src/entry.go:76.2,76.81 1 1
github.com/Yuruh/encrypted-diary/src/entry.go:56.16,59.3 2 1
github.com/Yuruh/encrypted-diary/src/entry.go:68.16,75.3 3 1
